# JRE version: OpenJDK Runtime Environment Temurin-21.0.6+7 (21.0.6+7) (build 21.0.6+7-LTS)
# Java VM: OpenJDK 64-Bit Server VM Temurin-21.0.6+7 (21.0.6+7-LTS, mixed mode, sharing, tiered, compressed oops, compressed class ptrs, parallel gc, windows-amd64)
GC Precious Log:
 CardTable entry size: 512
 CPUs: 4 total, 4 available
 Memory: 8076M
 Large Page Support: Disabled
 NUMA Support: Disabled
 Compressed Oops: Enabled (32-bit)
 Alignments: Space 512K, Generation 512K, Heap 2M
 Heap Min Capacity: 100M
 Heap Initial Capacity: 100M
 Heap Max Capacity: 1G
 Pre-touch: Disabled
 Parallel Workers: 4
Heap:
 PSYoungGen      total 4096K, used 3018K [0x00000000eab00000, 0x00000000eb080000, 0x0000000100000000)
  eden space 3584K, 69% used [0x00000000eab00000,0x00000000ead72858,0x00000000eae80000)
  from space 512K, 100% used [0x00000000eb000000,0x00000000eb080000,0x00000000eb080000)
  to   space 1024K, 0% used [0x00000000eae80000,0x00000000eae80000,0x00000000eaf80000)
 ParOldGen       total 673792K, used 270907K [0x00000000c0000000, 0x00000000e9200000, 0x00000000eab00000)
  object space 673792K, 40% used [0x00000000c0000000,0x00000000d088ed40,0x00000000e9200000)
 Metaspace       used 81538K, committed 83136K, reserved 1179648K
  class space    used 8165K, committed 8896K, reserved 1048576K
GC Heap History (20 events):
Event: 248.121 GC heap before
{Heap before GC invocations=2367 (full 6):
 PSYoungGen      total 4096K, used 3928K [0x00000000eab00000, 0x00000000eb100000, 0x0000000100000000)
  eden space 3584K, 95% used [0x00000000eab00000,0x00000000eae56370,0x00000000eae80000)
  from space 512K, 100% used [0x00000000eb080000,0x00000000eb100000,0x00000000eb100000)
  to   space 1024K, 0% used [0x00000000eaf00000,0x00000000eaf00000,0x00000000eb000000)
 ParOldGen       total 673792K, used 267887K [0x00000000c0000000, 0x00000000e9200000, 0x00000000eab00000)
  object space 673792K, 39% used [0x00000000c0000000,0x00000000d059bd90,0x00000000e9200000)
 Metaspace       used 81509K, committed 83136K, reserved 1179648K
  class space    used 8165K, committed 8896K, reserved 1048576K
}
Event: 248.123 GC heap after
{Heap after GC invocations=2367 (full 6):
 PSYoungGen      total 4608K, used 320K [0x00000000eab00000, 0x00000000eb100000, 0x0000000100000000)
  eden space 3584K, 0% used [0x00000000eab00000,0x00000000eab00000,0x00000000eae80000)
  from space 1024K, 31% used [0x00000000eaf00000,0x00000000eaf50000,0x00000000eb000000)
  to   space 512K, 0% used [0x00000000eb080000,0x00000000eb080000,0x00000000eb100000)
 ParOldGen       total 673792K, used 268335K [0x00000000c0000000, 0x00000000e9200000, 0x00000000eab00000)
  object space 673792K, 39% used [0x00000000c0000000,0x00000000d060bd90,0x00000000e9200000)
 Metaspace       used 81509K, committed 83136K, reserved 1179648K
  class space    used 8165K, committed 8896K, reserved 1048576K
}
Event: 248.128 GC heap before
{Heap before GC invocations=2368 (full 6):
 PSYoungGen      total 4608K, used 3904K [0x00000000eab00000, 0x00000000eb100000, 0x0000000100000000)
  eden space 3584K, 100% used [0x00000000eab00000,0x00000000eae80000,0x00000000eae80000)
  from space 1024K, 31% used [0x00000000eaf00000,0x00000000eaf50000,0x00000000eb000000)
  to   space 512K, 0% used [0x00000000eb080000,0x00000000eb080000,0x00000000eb100000)
 ParOldGen       total 673792K, used 268335K [0x00000000c0000000, 0x00000000e9200000, 0x00000000eab00000)
  object space 673792K, 39% used [0x00000000c0000000,0x00000000d060bd90,0x00000000e9200000)
 Metaspace       used 81509K, committed 83136K, reserved 1179648K
  class space    used 8165K, committed 8896K, reserved 1048576K
}
Event: 248.129 GC heap after
{Heap after GC invocations=2368 (full 6):
 PSYoungGen      total 4096K, used 512K [0x00000000eab00000, 0x00000000eb100000, 0x0000000100000000)
  eden space 3584K, 0% used [0x00000000eab00000,0x00000000eab00000,0x00000000eae80000)
  from space 512K, 100% used [0x00000000eb080000,0x00000000eb100000,0x00000000eb100000)
  to   space 1024K, 0% used [0x00000000eaf00000,0x00000000eaf00000,0x00000000eb000000)
 ParOldGen       total 673792K, used 268580K [0x00000000c0000000, 0x00000000e9200000, 0x00000000eab00000)
  object space 673792K, 39% used [0x00000000c0000000,0x00000000d0649210,0x00000000e9200000)
 Metaspace       used 81509K, committed 83136K, reserved 1179648K
  class space    used 8165K, committed 8896K, reserved 1048576K
}
Event: 248.136 GC heap before
{Heap before GC invocations=2369 (full 6):
 PSYoungGen      total 4096K, used 3863K [0x00000000eab00000, 0x00000000eb100000, 0x0000000100000000)
  eden space 3584K, 93% used [0x00000000eab00000,0x00000000eae45d50,0x00000000eae80000)
  from space 512K, 100% used [0x00000000eb080000,0x00000000eb100000,0x00000000eb100000)
  to   space 1024K, 0% used [0x00000000eaf00000,0x00000000eaf00000,0x00000000eb000000)
 ParOldGen       total 673792K, used 268580K [0x00000000c0000000, 0x00000000e9200000, 0x00000000eab00000)
  object space 673792K, 39% used [0x00000000c0000000,0x00000000d0649210,0x00000000e9200000)
 Metaspace       used 81509K, committed 83136K, reserved 1179648K
  class space    used 8165K, committed 8896K, reserved 1048576K
}
Event: 248.137 GC heap after
{Heap after GC invocations=2369 (full 6):
 PSYoungGen      total 4608K, used 320K [0x00000000eab00000, 0x00000000eb100000, 0x0000000100000000)
  eden space 3584K, 0% used [0x00000000eab00000,0x00000000eab00000,0x00000000eae80000)
  from space 1024K, 31% used [0x00000000eaf00000,0x00000000eaf50000,0x00000000eb000000)
  to   space 512K, 0% used [0x00000000eb080000,0x00000000eb080000,0x00000000eb100000)
 ParOldGen       total 673792K, used 269028K [0x00000000c0000000, 0x00000000e9200000, 0x00000000eab00000)
  object space 673792K, 39% used [0x00000000c0000000,0x00000000d06b9210,0x00000000e9200000)
 Metaspace       used 81509K, committed 83136K, reserved 1179648K
  class space    used 8165K, committed 8896K, reserved 1048576K
}
Event: 248.143 GC heap before
{Heap before GC invocations=2370 (full 6):
 PSYoungGen      total 4608K, used 3904K [0x00000000eab00000, 0x00000000eb100000, 0x0000000100000000)
  eden space 3584K, 100% used [0x00000000eab00000,0x00000000eae80000,0x00000000eae80000)
  from space 1024K, 31% used [0x00000000eaf00000,0x00000000eaf50000,0x00000000eb000000)
  to   space 512K, 0% used [0x00000000eb080000,0x00000000eb080000,0x00000000eb100000)
 ParOldGen       total 673792K, used 269028K [0x00000000c0000000, 0x00000000e9200000, 0x00000000eab00000)
  object space 673792K, 39% used [0x00000000c0000000,0x00000000d06b9210,0x00000000e9200000)
 Metaspace       used 81509K, committed 83136K, reserved 1179648K
  class space    used 8165K, committed 8896K, reserved 1048576K
}
Event: 248.144 GC heap after
{Heap after GC invocations=2370 (full 6):
 PSYoungGen      total 4096K, used 512K [0x00000000eab00000, 0x00000000eb100000, 0x0000000100000000)
  eden space 3584K, 0% used [0x00000000eab00000,0x00000000eab00000,0x00000000eae80000)
  from space 512K, 100% used [0x00000000eb080000,0x00000000eb100000,0x00000000eb100000)
  to   space 1024K, 0% used [0x00000000eaf00000,0x00000000eaf00000,0x00000000eb000000)
 ParOldGen       total 673792K, used 269273K [0x00000000c0000000, 0x00000000e9200000, 0x00000000eab00000)
  object space 673792K, 39% used [0x00000000c0000000,0x00000000d06f6690,0x00000000e9200000)
 Metaspace       used 81509K, committed 83136K, reserved 1179648K
  class space    used 8165K, committed 8896K, reserved 1048576K
}
Event: 248.151 GC heap before
{Heap before GC invocations=2371 (full 6):
 PSYoungGen      total 4096K, used 3830K [0x00000000eab00000, 0x00000000eb100000, 0x0000000100000000)
  eden space 3584K, 92% used [0x00000000eab00000,0x00000000eae3d8c0,0x00000000eae80000)
  from space 512K, 100% used [0x00000000eb080000,0x00000000eb100000,0x00000000eb100000)
  to   space 1024K, 0% used [0x00000000eaf00000,0x00000000eaf00000,0x00000000eb000000)
 ParOldGen       total 673792K, used 269273K [0x00000000c0000000, 0x00000000e9200000, 0x00000000eab00000)
  object space 673792K, 39% used [0x00000000c0000000,0x00000000d06f6690,0x00000000e9200000)
 Metaspace       used 81510K, committed 83136K, reserved 1179648K
  class space    used 8165K, committed 8896K, reserved 1048576K
}
Event: 248.152 GC heap after
{Heap after GC invocations=2371 (full 6):
 PSYoungGen      total 4608K, used 320K [0x00000000eab00000, 0x00000000eb100000, 0x0000000100000000)
  eden space 3584K, 0% used [0x00000000eab00000,0x00000000eab00000,0x00000000eae80000)
  from space 1024K, 31% used [0x00000000eaf00000,0x00000000eaf50000,0x00000000eb000000)
  to   space 512K, 0% used [0x00000000eb080000,0x00000000eb080000,0x00000000eb100000)
 ParOldGen       total 673792K, used 269729K [0x00000000c0000000, 0x00000000e9200000, 0x00000000eab00000)
  object space 673792K, 40% used [0x00000000c0000000,0x00000000d0768690,0x00000000e9200000)
 Metaspace       used 81510K, committed 83136K, reserved 1179648K
  class space    used 8165K, committed 8896K, reserved 1048576K
}
Event: 248.160 GC heap before
{Heap before GC invocations=2372 (full 6):
 PSYoungGen      total 4608K, used 3904K [0x00000000eab00000, 0x00000000eb100000, 0x0000000100000000)
  eden space 3584K, 100% used [0x00000000eab00000,0x00000000eae80000,0x00000000eae80000)
  from space 1024K, 31% used [0x00000000eaf00000,0x00000000eaf50000,0x00000000eb000000)
  to   space 512K, 0% used [0x00000000eb080000,0x00000000eb080000,0x00000000eb100000)
 ParOldGen       total 673792K, used 269729K [0x00000000c0000000, 0x00000000e9200000, 0x00000000eab00000)
  object space 673792K, 40% used [0x00000000c0000000,0x00000000d0768690,0x00000000e9200000)
 Metaspace       used 81511K, committed 83136K, reserved 1179648K
  class space    used 8165K, committed 8896K, reserved 1048576K
}
Event: 248.162 GC heap after
{Heap after GC invocations=2372 (full 6):
 PSYoungGen      total 4096K, used 512K [0x00000000eab00000, 0x00000000eb100000, 0x0000000100000000)
  eden space 3584K, 0% used [0x00000000eab00000,0x00000000eab00000,0x00000000eae80000)
  from space 512K, 100% used [0x00000000eb080000,0x00000000eb100000,0x00000000eb100000)
  to   space 1024K, 0% used [0x00000000eaf00000,0x00000000eaf00000,0x00000000eb000000)
 ParOldGen       total 673792K, used 269974K [0x00000000c0000000, 0x00000000e9200000, 0x00000000eab00000)
  object space 673792K, 40% used [0x00000000c0000000,0x00000000d07a5b10,0x00000000e9200000)
 Metaspace       used 81511K, committed 83136K, reserved 1179648K
  class space    used 8165K, committed 8896K, reserved 1048576K
}
Event: 248.291 GC heap before
{Heap before GC invocations=2373 (full 6):
 PSYoungGen      total 4096K, used 4096K [0x00000000eab00000, 0x00000000eb100000, 0x0000000100000000)
  eden space 3584K, 100% used [0x00000000eab00000,0x00000000eae80000,0x00000000eae80000)
  from space 512K, 100% used [0x00000000eb080000,0x00000000eb100000,0x00000000eb100000)
  to   space 1024K, 0% used [0x00000000eaf00000,0x00000000eaf00000,0x00000000eb000000)
 ParOldGen       total 673792K, used 269974K [0x00000000c0000000, 0x00000000e9200000, 0x00000000eab00000)
  object space 673792K, 40% used [0x00000000c0000000,0x00000000d07a5b10,0x00000000e9200000)
 Metaspace       used 81515K, committed 83136K, reserved 1179648K
  class space    used 8165K, committed 8896K, reserved 1048576K
}
Event: 248.292 GC heap after
{Heap after GC invocations=2373 (full 6):
 PSYoungGen      total 4608K, used 464K [0x00000000eab00000, 0x00000000eb100000, 0x0000000100000000)
  eden space 3584K, 0% used [0x00000000eab00000,0x00000000eab00000,0x00000000eae80000)
  from space 1024K, 45% used [0x00000000eaf00000,0x00000000eaf74010,0x00000000eb000000)
  to   space 1024K, 0% used [0x00000000eb000000,0x00000000eb000000,0x00000000eb100000)
 ParOldGen       total 673792K, used 270430K [0x00000000c0000000, 0x00000000e9200000, 0x00000000eab00000)
  object space 673792K, 40% used [0x00000000c0000000,0x00000000d0817b10,0x00000000e9200000)
 Metaspace       used 81515K, committed 83136K, reserved 1179648K
  class space    used 8165K, committed 8896K, reserved 1048576K
}
Event: 248.460 GC heap before
{Heap before GC invocations=2374 (full 6):
 PSYoungGen      total 4608K, used 4048K [0x00000000eab00000, 0x00000000eb100000, 0x0000000100000000)
  eden space 3584K, 100% used [0x00000000eab00000,0x00000000eae80000,0x00000000eae80000)
  from space 1024K, 45% used [0x00000000eaf00000,0x00000000eaf74010,0x00000000eb000000)
  to   space 1024K, 0% used [0x00000000eb000000,0x00000000eb000000,0x00000000eb100000)
 ParOldGen       total 673792K, used 270430K [0x00000000c0000000, 0x00000000e9200000, 0x00000000eab00000)
  object space 673792K, 40% used [0x00000000c0000000,0x00000000d0817b10,0x00000000e9200000)
 Metaspace       used 81520K, committed 83136K, reserved 1179648K
  class space    used 8165K, committed 8896K, reserved 1048576K
}
Event: 248.461 GC heap after
{Heap after GC invocations=2374 (full 6):
 PSYoungGen      total 4608K, used 560K [0x00000000eab00000, 0x00000000eb100000, 0x0000000100000000)
  eden space 3584K, 0% used [0x00000000eab00000,0x00000000eab00000,0x00000000eae80000)
  from space 1024K, 54% used [0x00000000eb000000,0x00000000eb08c010,0x00000000eb100000)
  to   space 1024K, 0% used [0x00000000eaf00000,0x00000000eaf00000,0x00000000eb000000)
 ParOldGen       total 673792K, used 270548K [0x00000000c0000000, 0x00000000e9200000, 0x00000000eab00000)
  object space 673792K, 40% used [0x00000000c0000000,0x00000000d0835300,0x00000000e9200000)
 Metaspace       used 81520K, committed 83136K, reserved 1179648K
  class space    used 8165K, committed 8896K, reserved 1048576K
}
Event: 248.613 GC heap before
{Heap before GC invocations=2375 (full 6):
 PSYoungGen      total 4608K, used 4144K [0x00000000eab00000, 0x00000000eb100000, 0x0000000100000000)
  eden space 3584K, 100% used [0x00000000eab00000,0x00000000eae80000,0x00000000eae80000)
  from space 1024K, 54% used [0x00000000eb000000,0x00000000eb08c010,0x00000000eb100000)
  to   space 1024K, 0% used [0x00000000eaf00000,0x00000000eaf00000,0x00000000eb000000)
 ParOldGen       total 673792K, used 270548K [0x00000000c0000000, 0x00000000e9200000, 0x00000000eab00000)
  object space 673792K, 40% used [0x00000000c0000000,0x00000000d0835300,0x00000000e9200000)
 Metaspace       used 81531K, committed 83136K, reserved 1179648K
  class space    used 8165K, committed 8896K, reserved 1048576K
}
Event: 248.615 GC heap after
{Heap after GC invocations=2375 (full 6):
 PSYoungGen      total 4608K, used 336K [0x00000000eab00000, 0x00000000eb080000, 0x0000000100000000)
  eden space 3584K, 0% used [0x00000000eab00000,0x00000000eab00000,0x00000000eae80000)
  from space 1024K, 32% used [0x00000000eaf00000,0x00000000eaf54010,0x00000000eb000000)
  to   space 512K, 0% used [0x00000000eb000000,0x00000000eb000000,0x00000000eb080000)
 ParOldGen       total 673792K, used 270867K [0x00000000c0000000, 0x00000000e9200000, 0x00000000eab00000)
  object space 673792K, 40% used [0x00000000c0000000,0x00000000d0884d40,0x00000000e9200000)
 Metaspace       used 81531K, committed 83136K, reserved 1179648K
  class space    used 8165K, committed 8896K, reserved 1048576K
}
Event: 248.792 GC heap before
{Heap before GC invocations=2376 (full 6):
 PSYoungGen      total 4608K, used 3920K [0x00000000eab00000, 0x00000000eb080000, 0x0000000100000000)
  eden space 3584K, 100% used [0x00000000eab00000,0x00000000eae80000,0x00000000eae80000)
  from space 1024K, 32% used [0x00000000eaf00000,0x00000000eaf54010,0x00000000eb000000)
  to   space 512K, 0% used [0x00000000eb000000,0x00000000eb000000,0x00000000eb080000)
 ParOldGen       total 673792K, used 270867K [0x00000000c0000000, 0x00000000e9200000, 0x00000000eab00000)
  object space 673792K, 40% used [0x00000000c0000000,0x00000000d0884d40,0x00000000e9200000)
 Metaspace       used 81532K, committed 83136K, reserved 1179648K
  class space    used 8165K, committed 8896K, reserved 1048576K
}
Event: 248.794 GC heap after
{Heap after GC invocations=2376 (full 6):
 PSYoungGen      total 4096K, used 512K [0x00000000eab00000, 0x00000000eb080000, 0x0000000100000000)
  eden space 3584K, 0% used [0x00000000eab00000,0x00000000eab00000,0x00000000eae80000)
  from space 512K, 100% used [0x00000000eb000000,0x00000000eb080000,0x00000000eb080000)
  to   space 1024K, 0% used [0x00000000eae80000,0x00000000eae80000,0x00000000eaf80000)
 ParOldGen       total 673792K, used 270907K [0x00000000c0000000, 0x00000000e9200000, 0x00000000eab00000)
  object space 673792K, 40% used [0x00000000c0000000,0x00000000d088ed40,0x00000000e9200000)
 Metaspace       used 81532K, committed 83136K, reserved 1179648K
  class space    used 8165K, committed 8896K, reserved 1048576K
}

