# JRE version: Java(TM) SE Runtime Environment (21.0.2+13) (build 21.0.2+13-LTS-58)
# Java VM: Java HotSpot(TM) 64-Bit Server VM (21.0.2+13-LTS-58, mixed mode, sharing, tiered, compressed oops, compressed class ptrs, g1 gc, windows-amd64)
GC Precious Log:
 CardTable entry size: 512
 Card Set container configuration: InlinePtr #cards 5 size 8 Array Of Cards #cards 12 size 40 Howl #buckets 4 coarsen threshold 1843 Howl Bitmap #cards 512 size 80 coarsen threshold 460 Card regions per heap region 1 cards per card region 2048
 CPUs: 4 total, 4 available
 Memory: 8076M
 Large Page Support: Disabled
 NUMA Support: Disabled
 Compressed Oops: Enabled (32-bit)
 Heap Region Size: 1M
 Heap Min Capacity: 8M
 Heap Initial Capacity: 8M
 Heap Max Capacity: 2020M
 Pre-touch: Disabled
 Parallel Workers: 4
 Concurrent Workers: 1
 Concurrent Refinement Workers: 4
 Periodic GC: Disabled
Heap:
 garbage-first heap   total 15360K, used 6557K [0x0000000081c00000, 0x0000000100000000)
  region size 1024K, 3 young (3072K), 1 survivors (1024K)
 Metaspace       used 9213K, committed 9344K, reserved 1114112K
  class space    used 1045K, committed 1088K, reserved 1048576K
GC Heap History (20 events):
Event: 0.354 GC heap before
{Heap before GC invocations=0 (full 0):
 garbage-first heap   total 8192K, used 2048K [0x0000000081c00000, 0x0000000100000000)
  region size 1024K, 3 young (3072K), 0 survivors (0K)
 Metaspace       used 2625K, committed 2752K, reserved 1114112K
  class space    used 341K, committed 384K, reserved 1048576K
}
Event: 0.357 GC heap after
{Heap after GC invocations=1 (full 0):
 garbage-first heap   total 8192K, used 1348K [0x0000000081c00000, 0x0000000100000000)
  region size 1024K, 1 young (1024K), 1 survivors (1024K)
 Metaspace       used 2625K, committed 2752K, reserved 1114112K
  class space    used 341K, committed 384K, reserved 1048576K
}
Event: 0.517 GC heap before
{Heap before GC invocations=1 (full 0):
 garbage-first heap   total 8192K, used 2372K [0x0000000081c00000, 0x0000000100000000)
  region size 1024K, 2 young (2048K), 1 survivors (1024K)
 Metaspace       used 5459K, committed 5632K, reserved 1114112K
  class space    used 656K, committed 704K, reserved 1048576K
}
Event: 0.521 GC heap after
{Heap after GC invocations=2 (full 0):
 garbage-first heap   total 8192K, used 1896K [0x0000000081c00000, 0x0000000100000000)
  region size 1024K, 1 young (1024K), 1 survivors (1024K)
 Metaspace       used 5459K, committed 5632K, reserved 1114112K
  class space    used 656K, committed 704K, reserved 1048576K
}
Event: 0.614 GC heap before
{Heap before GC invocations=2 (full 0):
 garbage-first heap   total 8192K, used 1896K [0x0000000081c00000, 0x0000000100000000)
  region size 1024K, 2 young (2048K), 1 survivors (1024K)
 Metaspace       used 6859K, committed 7040K, reserved 1114112K
  class space    used 806K, committed 896K, reserved 1048576K
}
Event: 0.616 GC heap after
{Heap after GC invocations=3 (full 0):
 garbage-first heap   total 8192K, used 2209K [0x0000000081c00000, 0x0000000100000000)
  region size 1024K, 1 young (1024K), 1 survivors (1024K)
 Metaspace       used 6859K, committed 7040K, reserved 1114112K
  class space    used 806K, committed 896K, reserved 1048576K
}
Event: 0.711 GC heap before
{Heap before GC invocations=3 (full 0):
 garbage-first heap   total 8192K, used 3233K [0x0000000081c00000, 0x0000000100000000)
  region size 1024K, 2 young (2048K), 1 survivors (1024K)
 Metaspace       used 7779K, committed 7936K, reserved 1114112K
  class space    used 881K, committed 960K, reserved 1048576K
}
Event: 0.713 GC heap after
{Heap after GC invocations=4 (full 0):
 garbage-first heap   total 8192K, used 2502K [0x0000000081c00000, 0x0000000100000000)
  region size 1024K, 1 young (1024K), 1 survivors (1024K)
 Metaspace       used 7779K, committed 7936K, reserved 1114112K
  class space    used 881K, committed 960K, reserved 1048576K
}
Event: 0.859 GC heap before
{Heap before GC invocations=4 (full 0):
 garbage-first heap   total 8192K, used 4550K [0x0000000081c00000, 0x0000000100000000)
  region size 1024K, 3 young (3072K), 1 survivors (1024K)
 Metaspace       used 8392K, committed 8576K, reserved 1114112K
  class space    used 945K, committed 1024K, reserved 1048576K
}
Event: 0.862 GC heap after
{Heap after GC invocations=5 (full 0):
 garbage-first heap   total 8192K, used 3345K [0x0000000081c00000, 0x0000000100000000)
  region size 1024K, 1 young (1024K), 1 survivors (1024K)
 Metaspace       used 8392K, committed 8576K, reserved 1114112K
  class space    used 945K, committed 1024K, reserved 1048576K
}
Event: 0.945 GC heap before
{Heap before GC invocations=5 (full 0):
 garbage-first heap   total 8192K, used 4369K [0x0000000081c00000, 0x0000000100000000)
  region size 1024K, 2 young (2048K), 1 survivors (1024K)
 Metaspace       used 8638K, committed 8768K, reserved 1114112K
  class space    used 973K, committed 1024K, reserved 1048576K
}
Event: 0.950 GC heap after
{Heap after GC invocations=6 (full 0):
 garbage-first heap   total 10240K, used 3931K [0x0000000081c00000, 0x0000000100000000)
  region size 1024K, 1 young (1024K), 1 survivors (1024K)
 Metaspace       used 8638K, committed 8768K, reserved 1114112K
  class space    used 973K, committed 1024K, reserved 1048576K
}
Event: 1.004 GC heap before
{Heap before GC invocations=6 (full 0):
 garbage-first heap   total 10240K, used 4955K [0x0000000081c00000, 0x0000000100000000)
  region size 1024K, 2 young (2048K), 1 survivors (1024K)
 Metaspace       used 8795K, committed 8960K, reserved 1114112K
  class space    used 995K, committed 1024K, reserved 1048576K
}
Event: 1.006 GC heap after
{Heap after GC invocations=7 (full 0):
 garbage-first heap   total 10240K, used 4085K [0x0000000081c00000, 0x0000000100000000)
  region size 1024K, 1 young (1024K), 1 survivors (1024K)
 Metaspace       used 8795K, committed 8960K, reserved 1114112K
  class space    used 995K, committed 1024K, reserved 1048576K
}
Event: 1.046 GC heap before
{Heap before GC invocations=7 (full 0):
 garbage-first heap   total 10240K, used 6133K [0x0000000081c00000, 0x0000000100000000)
  region size 1024K, 3 young (3072K), 1 survivors (1024K)
 Metaspace       used 8831K, committed 8960K, reserved 1114112K
  class space    used 995K, committed 1024K, reserved 1048576K
}
Event: 1.048 GC heap after
{Heap after GC invocations=8 (full 0):
 garbage-first heap   total 10240K, used 4277K [0x0000000081c00000, 0x0000000100000000)
  region size 1024K, 1 young (1024K), 1 survivors (1024K)
 Metaspace       used 8831K, committed 8960K, reserved 1114112K
  class space    used 995K, committed 1024K, reserved 1048576K
}
Event: 1.112 GC heap before
{Heap before GC invocations=8 (full 0):
 garbage-first heap   total 10240K, used 6325K [0x0000000081c00000, 0x0000000100000000)
  region size 1024K, 3 young (3072K), 1 survivors (1024K)
 Metaspace       used 8924K, committed 9152K, reserved 1114112K
  class space    used 1005K, committed 1088K, reserved 1048576K
}
Event: 1.114 GC heap after
{Heap after GC invocations=9 (full 0):
 garbage-first heap   total 10240K, used 4474K [0x0000000081c00000, 0x0000000100000000)
  region size 1024K, 1 young (1024K), 1 survivors (1024K)
 Metaspace       used 8924K, committed 9152K, reserved 1114112K
  class space    used 1005K, committed 1088K, reserved 1048576K
}
Event: 1.136 GC heap before
{Heap before GC invocations=9 (full 0):
 garbage-first heap   total 10240K, used 6522K [0x0000000081c00000, 0x0000000100000000)
  region size 1024K, 3 young (3072K), 1 survivors (1024K)
 Metaspace       used 8939K, committed 9152K, reserved 1114112K
  class space    used 1005K, committed 1088K, reserved 1048576K
}
Event: 1.138 GC heap after
{Heap after GC invocations=10 (full 0):
 garbage-first heap   total 15360K, used 4869K [0x0000000081c00000, 0x0000000100000000)
  region size 1024K, 1 young (1024K), 1 survivors (1024K)
 Metaspace       used 8939K, committed 9152K, reserved 1114112K
  class space    used 1005K, committed 1088K, reserved 1048576K
}

