# JRE version: Java(TM) SE Runtime Environment (21.0.2+13) (build 21.0.2+13-LTS-58)
# Java VM: Java HotSpot(TM) 64-Bit Server VM (21.0.2+13-LTS-58, mixed mode, sharing, tiered, compressed oops, compressed class ptrs, g1 gc, windows-amd64)
GC Precious Log:
 CardTable entry size: 512
 Card Set container configuration: InlinePtr #cards 5 size 8 Array Of Cards #cards 12 size 40 Howl #buckets 4 coarsen threshold 1843 Howl Bitmap #cards 512 size 80 coarsen threshold 460 Card regions per heap region 1 cards per card region 2048
 CPUs: 4 total, 4 available
 Memory: 8076M
 Large Page Support: Disabled
 NUMA Support: Disabled
 Compressed Oops: Enabled (32-bit)
 Heap Region Size: 1M
 Heap Min Capacity: 8M
 Heap Initial Capacity: 8M
 Heap Max Capacity: 2020M
 Pre-touch: Disabled
 Parallel Workers: 4
 Concurrent Workers: 1
 Concurrent Refinement Workers: 4
 Periodic GC: Disabled
Heap:
 garbage-first heap   total 14336K, used 5553K [0x0000000081c00000, 0x0000000100000000)
  region size 1024K, 2 young (2048K), 1 survivors (1024K)
 Metaspace       used 9137K, committed 9280K, reserved 1114112K
  class space    used 1032K, committed 1088K, reserved 1048576K
GC Heap History (20 events):
Event: 0.284 GC heap before
{Heap before GC invocations=0 (full 0):
 garbage-first heap   total 8192K, used 2048K [0x0000000081c00000, 0x0000000100000000)
  region size 1024K, 3 young (3072K), 0 survivors (0K)
 Metaspace       used 2631K, committed 2752K, reserved 1114112K
  class space    used 341K, committed 384K, reserved 1048576K
}
Event: 0.288 GC heap after
{Heap after GC invocations=1 (full 0):
 garbage-first heap   total 8192K, used 1268K [0x0000000081c00000, 0x0000000100000000)
  region size 1024K, 1 young (1024K), 1 survivors (1024K)
 Metaspace       used 2631K, committed 2752K, reserved 1114112K
  class space    used 341K, committed 384K, reserved 1048576K
}
Event: 0.415 GC heap before
{Heap before GC invocations=1 (full 0):
 garbage-first heap   total 8192K, used 2292K [0x0000000081c00000, 0x0000000100000000)
  region size 1024K, 2 young (2048K), 1 survivors (1024K)
 Metaspace       used 5462K, committed 5632K, reserved 1114112K
  class space    used 658K, committed 704K, reserved 1048576K
}
Event: 0.418 GC heap after
{Heap after GC invocations=2 (full 0):
 garbage-first heap   total 8192K, used 1877K [0x0000000081c00000, 0x0000000100000000)
  region size 1024K, 1 young (1024K), 1 survivors (1024K)
 Metaspace       used 5462K, committed 5632K, reserved 1114112K
  class space    used 658K, committed 704K, reserved 1048576K
}
Event: 0.494 GC heap before
{Heap before GC invocations=2 (full 0):
 garbage-first heap   total 8192K, used 1877K [0x0000000081c00000, 0x0000000100000000)
  region size 1024K, 2 young (2048K), 1 survivors (1024K)
 Metaspace       used 6853K, committed 7040K, reserved 1114112K
  class space    used 807K, committed 896K, reserved 1048576K
}
Event: 0.496 GC heap after
{Heap after GC invocations=3 (full 0):
 garbage-first heap   total 8192K, used 2169K [0x0000000081c00000, 0x0000000100000000)
  region size 1024K, 1 young (1024K), 1 survivors (1024K)
 Metaspace       used 6853K, committed 7040K, reserved 1114112K
  class space    used 807K, committed 896K, reserved 1048576K
}
Event: 0.576 GC heap before
{Heap before GC invocations=3 (full 0):
 garbage-first heap   total 8192K, used 3193K [0x0000000081c00000, 0x0000000100000000)
  region size 1024K, 2 young (2048K), 1 survivors (1024K)
 Metaspace       used 7753K, committed 7936K, reserved 1114112K
  class space    used 882K, committed 960K, reserved 1048576K
}
Event: 0.579 GC heap after
{Heap after GC invocations=4 (full 0):
 garbage-first heap   total 8192K, used 2510K [0x0000000081c00000, 0x0000000100000000)
  region size 1024K, 1 young (1024K), 1 survivors (1024K)
 Metaspace       used 7753K, committed 7936K, reserved 1114112K
  class space    used 882K, committed 960K, reserved 1048576K
}
Event: 0.684 GC heap before
{Heap before GC invocations=4 (full 0):
 garbage-first heap   total 8192K, used 4558K [0x0000000081c00000, 0x0000000100000000)
  region size 1024K, 3 young (3072K), 1 survivors (1024K)
 Metaspace       used 8366K, committed 8576K, reserved 1114112K
  class space    used 947K, committed 1024K, reserved 1048576K
}
Event: 0.687 GC heap after
{Heap after GC invocations=5 (full 0):
 garbage-first heap   total 10240K, used 3365K [0x0000000081c00000, 0x0000000100000000)
  region size 1024K, 1 young (1024K), 1 survivors (1024K)
 Metaspace       used 8366K, committed 8576K, reserved 1114112K
  class space    used 947K, committed 1024K, reserved 1048576K
}
Event: 0.834 GC heap before
{Heap before GC invocations=5 (full 0):
 garbage-first heap   total 10240K, used 5413K [0x0000000081c00000, 0x0000000100000000)
  region size 1024K, 3 young (3072K), 1 survivors (1024K)
 Metaspace       used 8777K, committed 8960K, reserved 1114112K
  class space    used 996K, committed 1088K, reserved 1048576K
}
Event: 0.839 GC heap after
{Heap after GC invocations=6 (full 0):
 garbage-first heap   total 10240K, used 4087K [0x0000000081c00000, 0x0000000100000000)
  region size 1024K, 1 young (1024K), 1 survivors (1024K)
 Metaspace       used 8777K, committed 8960K, reserved 1114112K
  class space    used 996K, committed 1088K, reserved 1048576K
}
Event: 0.890 GC heap before
{Heap before GC invocations=6 (full 0):
 garbage-first heap   total 10240K, used 6135K [0x0000000081c00000, 0x0000000100000000)
  region size 1024K, 3 young (3072K), 1 survivors (1024K)
 Metaspace       used 8814K, committed 9024K, reserved 1114112K
  class space    used 996K, committed 1088K, reserved 1048576K
}
Event: 0.893 GC heap after
{Heap after GC invocations=7 (full 0):
 garbage-first heap   total 10240K, used 4409K [0x0000000081c00000, 0x0000000100000000)
  region size 1024K, 1 young (1024K), 1 survivors (1024K)
 Metaspace       used 8814K, committed 9024K, reserved 1114112K
  class space    used 996K, committed 1088K, reserved 1048576K
}
Event: 0.938 GC heap before
{Heap before GC invocations=7 (full 0):
 garbage-first heap   total 10240K, used 6457K [0x0000000081c00000, 0x0000000100000000)
  region size 1024K, 3 young (3072K), 1 survivors (1024K)
 Metaspace       used 8904K, committed 9088K, reserved 1114112K
  class space    used 1006K, committed 1088K, reserved 1048576K
}
Event: 0.939 GC heap after
{Heap after GC invocations=8 (full 0):
 garbage-first heap   total 10240K, used 4596K [0x0000000081c00000, 0x0000000100000000)
  region size 1024K, 1 young (1024K), 1 survivors (1024K)
 Metaspace       used 8904K, committed 9088K, reserved 1114112K
  class space    used 1006K, committed 1088K, reserved 1048576K
}
Event: 0.964 GC heap before
{Heap before GC invocations=8 (full 0):
 garbage-first heap   total 10240K, used 6644K [0x0000000081c00000, 0x0000000100000000)
  region size 1024K, 3 young (3072K), 1 survivors (1024K)
 Metaspace       used 8919K, committed 9088K, reserved 1114112K
  class space    used 1006K, committed 1088K, reserved 1048576K
}
Event: 0.967 GC heap after
{Heap after GC invocations=9 (full 0):
 garbage-first heap   total 14336K, used 4981K [0x0000000081c00000, 0x0000000100000000)
  region size 1024K, 1 young (1024K), 1 survivors (1024K)
 Metaspace       used 8919K, committed 9088K, reserved 1114112K
  class space    used 1006K, committed 1088K, reserved 1048576K
}
Event: 1.039 GC heap before
{Heap before GC invocations=9 (full 0):
 garbage-first heap   total 14336K, used 9077K [0x0000000081c00000, 0x0000000100000000)
  region size 1024K, 5 young (5120K), 1 survivors (1024K)
 Metaspace       used 9044K, committed 9216K, reserved 1114112K
  class space    used 1024K, committed 1088K, reserved 1048576K
}
Event: 1.044 GC heap after
{Heap after GC invocations=10 (full 0):
 garbage-first heap   total 14336K, used 5553K [0x0000000081c00000, 0x0000000100000000)
  region size 1024K, 1 young (1024K), 1 survivors (1024K)
 Metaspace       used 9044K, committed 9216K, reserved 1114112K
  class space    used 1024K, committed 1088K, reserved 1048576K
}

